[debug] [2020-05-29T01:27:58.900Z] ----------------------------------------------------------------------
[debug] [2020-05-29T01:27:58.903Z] Command:       /usr/local/bin/node /usr/local/bin/firebase serve --only hosting
[debug] [2020-05-29T01:27:58.904Z] CLI Version:   8.2.0
[debug] [2020-05-29T01:27:58.904Z] Platform:      darwin
[debug] [2020-05-29T01:27:58.904Z] Node Version:  v12.16.2
[debug] [2020-05-29T01:27:58.905Z] Time:          Thu May 28 2020 18:27:58 GMT-0700 (Pacific Daylight Time)
[debug] [2020-05-29T01:27:58.906Z] ----------------------------------------------------------------------
[debug] [2020-05-29T01:27:58.906Z] 
[debug] [2020-05-29T01:27:58.918Z] > command requires scopes: ["email","openid","https://www.googleapis.com/auth/cloudplatformprojects.readonly","https://www.googleapis.com/auth/firebase","https://www.googleapis.com/auth/cloud-platform"]
[debug] [2020-05-29T01:27:58.919Z] > authorizing via signed-in user
[debug] [2020-05-29T01:27:58.919Z] [iam] checking project joeboo-11d25 for permissions ["firebase.projects.get"]
[debug] [2020-05-29T01:27:58.922Z] >>> HTTP REQUEST POST https://cloudresourcemanager.googleapis.com/v1/projects/joeboo-11d25:testIamPermissions  
 {"permissions":["firebase.projects.get"]}
[debug] [2020-05-29T01:27:59.063Z] <<< HTTP RESPONSE 200 {"content-type":"application/json; charset=UTF-8","vary":"X-Origin, Referer, Origin,Accept-Encoding","date":"Fri, 29 May 2020 01:27:59 GMT","server":"ESF","cache-control":"private","x-xss-protection":"0","x-frame-options":"SAMEORIGIN","x-content-type-options":"nosniff","server-timing":"gfet4t7; dur=60","alt-svc":"h3-27=\":443\"; ma=2592000,h3-25=\":443\"; ma=2592000,h3-T050=\":443\"; ma=2592000,h3-Q050=\":443\"; ma=2592000,h3-Q049=\":443\"; ma=2592000,h3-Q048=\":443\"; ma=2592000,h3-Q046=\":443\"; ma=2592000,h3-Q043=\":443\"; ma=2592000,quic=\":443\"; ma=2592000; v=\"46,43\"","accept-ranges":"none","transfer-encoding":"chunked"}
[debug] [2020-05-29T01:27:59.065Z] >>> HTTP REQUEST GET https://firebase.googleapis.com/v1beta1/projects/joeboo-11d25  
 
[debug] [2020-05-29T01:27:59.241Z] <<< HTTP RESPONSE 200 {"content-type":"application/json; charset=UTF-8","vary":"X-Origin, Referer, Origin,Accept-Encoding","date":"Fri, 29 May 2020 01:27:59 GMT","server":"ESF","cache-control":"private","x-xss-protection":"0","x-frame-options":"SAMEORIGIN","x-content-type-options":"nosniff","alt-svc":"h3-27=\":443\"; ma=2592000,h3-25=\":443\"; ma=2592000,h3-T050=\":443\"; ma=2592000,h3-Q050=\":443\"; ma=2592000,h3-Q049=\":443\"; ma=2592000,h3-Q048=\":443\"; ma=2592000,h3-Q046=\":443\"; ma=2592000,h3-Q043=\":443\"; ma=2592000,quic=\":443\"; ma=2592000; v=\"46,43\"","accept-ranges":"none","transfer-encoding":"chunked"}
[debug] [2020-05-29T01:27:59.243Z] >>> HTTP REQUEST GET https://firebase.googleapis.com/v1beta1/projects/joeboo-11d25/webApps/-/config  
 
[debug] [2020-05-29T01:27:59.573Z] <<< HTTP RESPONSE 200 {"content-type":"application/json; charset=UTF-8","vary":"X-Origin, Referer, Origin,Accept-Encoding","date":"Fri, 29 May 2020 01:27:59 GMT","server":"ESF","cache-control":"private","x-xss-protection":"0","x-frame-options":"SAMEORIGIN","x-content-type-options":"nosniff","alt-svc":"h3-27=\":443\"; ma=2592000,h3-25=\":443\"; ma=2592000,h3-T050=\":443\"; ma=2592000,h3-Q050=\":443\"; ma=2592000,h3-Q049=\":443\"; ma=2592000,h3-Q048=\":443\"; ma=2592000,h3-Q046=\":443\"; ma=2592000,h3-Q043=\":443\"; ma=2592000,quic=\":443\"; ma=2592000; v=\"46,43\"","accept-ranges":"none","transfer-encoding":"chunked"}
[info] i  hosting: Serving hosting files from: public
[info] ✔  hosting: Local server: http://localhost:5000
